<?xml version="1.0" encoding="UTF-8"?>
<testsuite xmlns:xsi="http://www.w3.org/2001/XMLSchema-instance" xsi:noNamespaceSchemaLocation="https://maven.apache.org/surefire/maven-surefire-plugin/xsd/surefire-test-report.xsd" name="cn.edu.sdu.AppTest" time="0.047" tests="1" errors="0" skipped="0" failures="0">
  <properties>
    <property name="sun.desktop" value="windows"/>
    <property name="awt.toolkit" value="sun.awt.windows.WToolkit"/>
    <property name="file.encoding.pkg" value="sun.io"/>
    <property name="java.specification.version" value="1.8"/>
    <property name="sun.cpu.isalist" value="amd64"/>
    <property name="sun.jnu.encoding" value="GBK"/>
    <property name="java.class.path" value="E:\DevelopWork\IDEAProjects\SDUDOC_JAVA\sdudoc-common\target\test-classes;E:\DevelopWork\IDEAProjects\SDUDOC_JAVA\sdudoc-common\target\classes;E:\DevelopWork\apache-maven-3.6.3\repository\org\springframework\boot\spring-boot-starter-web\2.4.3\spring-boot-starter-web-2.4.3.jar;E:\DevelopWork\apache-maven-3.6.3\repository\org\springframework\boot\spring-boot-starter\2.4.3\spring-boot-starter-2.4.3.jar;E:\DevelopWork\apache-maven-3.6.3\repository\org\springframework\boot\spring-boot\2.4.3\spring-boot-2.4.3.jar;E:\DevelopWork\apache-maven-3.6.3\repository\org\springframework\boot\spring-boot-autoconfigure\2.4.3\spring-boot-autoconfigure-2.4.3.jar;E:\DevelopWork\apache-maven-3.6.3\repository\org\springframework\boot\spring-boot-starter-logging\2.4.3\spring-boot-starter-logging-2.4.3.jar;E:\DevelopWork\apache-maven-3.6.3\repository\ch\qos\logback\logback-classic\1.2.3\logback-classic-1.2.3.jar;E:\DevelopWork\apache-maven-3.6.3\repository\ch\qos\logback\logback-core\1.2.3\logback-core-1.2.3.jar;E:\DevelopWork\apache-maven-3.6.3\repository\org\apache\logging\log4j\log4j-to-slf4j\2.13.3\log4j-to-slf4j-2.13.3.jar;E:\DevelopWork\apache-maven-3.6.3\repository\org\apache\logging\log4j\log4j-api\2.13.3\log4j-api-2.13.3.jar;E:\DevelopWork\apache-maven-3.6.3\repository\org\slf4j\jul-to-slf4j\1.7.30\jul-to-slf4j-1.7.30.jar;E:\DevelopWork\apache-maven-3.6.3\repository\jakarta\annotation\jakarta.annotation-api\1.3.5\jakarta.annotation-api-1.3.5.jar;E:\DevelopWork\apache-maven-3.6.3\repository\org\springframework\spring-core\5.3.4\spring-core-5.3.4.jar;E:\DevelopWork\apache-maven-3.6.3\repository\org\springframework\spring-jcl\5.3.4\spring-jcl-5.3.4.jar;E:\DevelopWork\apache-maven-3.6.3\repository\org\yaml\snakeyaml\1.27\snakeyaml-1.27.jar;E:\DevelopWork\apache-maven-3.6.3\repository\org\springframework\boot\spring-boot-starter-json\2.4.3\spring-boot-starter-json-2.4.3.jar;E:\DevelopWork\apache-maven-3.6.3\repository\com\fasterxml\jackson\core\jackson-databind\2.12.2\jackson-databind-2.12.2.jar;E:\DevelopWork\apache-maven-3.6.3\repository\com\fasterxml\jackson\core\jackson-annotations\2.12.2\jackson-annotations-2.12.2.jar;E:\DevelopWork\apache-maven-3.6.3\repository\com\fasterxml\jackson\core\jackson-core\2.12.2\jackson-core-2.12.2.jar;E:\DevelopWork\apache-maven-3.6.3\repository\com\fasterxml\jackson\datatype\jackson-datatype-jdk8\2.11.4\jackson-datatype-jdk8-2.11.4.jar;E:\DevelopWork\apache-maven-3.6.3\repository\com\fasterxml\jackson\datatype\jackson-datatype-jsr310\2.11.4\jackson-datatype-jsr310-2.11.4.jar;E:\DevelopWork\apache-maven-3.6.3\repository\com\fasterxml\jackson\module\jackson-module-parameter-names\2.11.4\jackson-module-parameter-names-2.11.4.jar;E:\DevelopWork\apache-maven-3.6.3\repository\org\springframework\boot\spring-boot-starter-tomcat\2.4.3\spring-boot-starter-tomcat-2.4.3.jar;E:\DevelopWork\apache-maven-3.6.3\repository\org\apache\tomcat\embed\tomcat-embed-core\9.0.43\tomcat-embed-core-9.0.43.jar;E:\DevelopWork\apache-maven-3.6.3\repository\org\apache\tomcat\embed\tomcat-embed-websocket\9.0.43\tomcat-embed-websocket-9.0.43.jar;E:\DevelopWork\apache-maven-3.6.3\repository\org\springframework\spring-web\5.3.4\spring-web-5.3.4.jar;E:\DevelopWork\apache-maven-3.6.3\repository\org\springframework\spring-beans\5.3.4\spring-beans-5.3.4.jar;E:\DevelopWork\apache-maven-3.6.3\repository\org\springframework\spring-webmvc\5.3.4\spring-webmvc-5.3.4.jar;E:\DevelopWork\apache-maven-3.6.3\repository\org\springframework\spring-aop\5.3.4\spring-aop-5.3.4.jar;E:\DevelopWork\apache-maven-3.6.3\repository\org\springframework\spring-context\5.3.4\spring-context-5.3.4.jar;E:\DevelopWork\apache-maven-3.6.3\repository\org\springframework\spring-expression\5.3.4\spring-expression-5.3.4.jar;E:\DevelopWork\apache-maven-3.6.3\repository\org\springframework\boot\spring-boot-starter-data-redis\2.4.3\spring-boot-starter-data-redis-2.4.3.jar;E:\DevelopWork\apache-maven-3.6.3\repository\org\springframework\data\spring-data-redis\2.4.5\spring-data-redis-2.4.5.jar;E:\DevelopWork\apache-maven-3.6.3\repository\org\springframework\data\spring-data-keyvalue\2.4.5\spring-data-keyvalue-2.4.5.jar;E:\DevelopWork\apache-maven-3.6.3\repository\org\springframework\data\spring-data-commons\2.4.5\spring-data-commons-2.4.5.jar;E:\DevelopWork\apache-maven-3.6.3\repository\org\springframework\spring-tx\5.3.4\spring-tx-5.3.4.jar;E:\DevelopWork\apache-maven-3.6.3\repository\org\springframework\spring-oxm\5.3.4\spring-oxm-5.3.4.jar;E:\DevelopWork\apache-maven-3.6.3\repository\org\springframework\spring-context-support\5.3.4\spring-context-support-5.3.4.jar;E:\DevelopWork\apache-maven-3.6.3\repository\org\slf4j\slf4j-api\1.7.26\slf4j-api-1.7.26.jar;E:\DevelopWork\apache-maven-3.6.3\repository\io\lettuce\lettuce-core\6.0.2.RELEASE\lettuce-core-6.0.2.RELEASE.jar;E:\DevelopWork\apache-maven-3.6.3\repository\io\netty\netty-common\4.1.56.Final\netty-common-4.1.56.Final.jar;E:\DevelopWork\apache-maven-3.6.3\repository\io\netty\netty-handler\4.1.56.Final\netty-handler-4.1.56.Final.jar;E:\DevelopWork\apache-maven-3.6.3\repository\io\netty\netty-resolver\4.1.56.Final\netty-resolver-4.1.56.Final.jar;E:\DevelopWork\apache-maven-3.6.3\repository\io\netty\netty-buffer\4.1.56.Final\netty-buffer-4.1.56.Final.jar;E:\DevelopWork\apache-maven-3.6.3\repository\io\netty\netty-codec\4.1.56.Final\netty-codec-4.1.56.Final.jar;E:\DevelopWork\apache-maven-3.6.3\repository\io\netty\netty-transport\4.1.56.Final\netty-transport-4.1.56.Final.jar;E:\DevelopWork\apache-maven-3.6.3\repository\io\projectreactor\reactor-core\3.3.13.RELEASE\reactor-core-3.3.13.RELEASE.jar;E:\DevelopWork\apache-maven-3.6.3\repository\org\reactivestreams\reactive-streams\1.0.3\reactive-streams-1.0.3.jar;E:\DevelopWork\apache-maven-3.6.3\repository\org\springframework\boot\spring-boot-starter-validation\2.4.3\spring-boot-starter-validation-2.4.3.jar;E:\DevelopWork\apache-maven-3.6.3\repository\org\glassfish\jakarta.el\3.0.3\jakarta.el-3.0.3.jar;E:\DevelopWork\apache-maven-3.6.3\repository\org\hibernate\validator\hibernate-validator\6.1.7.Final\hibernate-validator-6.1.7.Final.jar;E:\DevelopWork\apache-maven-3.6.3\repository\jakarta\validation\jakarta.validation-api\2.0.2\jakarta.validation-api-2.0.2.jar;E:\DevelopWork\apache-maven-3.6.3\repository\org\jboss\logging\jboss-logging\3.3.2.Final\jboss-logging-3.3.2.Final.jar;E:\DevelopWork\apache-maven-3.6.3\repository\com\fasterxml\classmate\1.3.4\classmate-1.3.4.jar;E:\DevelopWork\apache-maven-3.6.3\repository\com\github\pagehelper\pagehelper\5.1.8\pagehelper-5.1.8.jar;E:\DevelopWork\apache-maven-3.6.3\repository\com\github\jsqlparser\jsqlparser\1.2\jsqlparser-1.2.jar;E:\DevelopWork\apache-maven-3.6.3\repository\commons-codec\commons-codec\1.15\commons-codec-1.15.jar;E:\DevelopWork\apache-maven-3.6.3\repository\com\squareup\okhttp3\okhttp\3.11.0\okhttp-3.11.0.jar;E:\DevelopWork\apache-maven-3.6.3\repository\com\squareup\okio\okio\1.14.0\okio-1.14.0.jar;E:\DevelopWork\apache-maven-3.6.3\repository\junit\junit\4.11\junit-4.11.jar;E:\DevelopWork\apache-maven-3.6.3\repository\org\hamcrest\hamcrest-core\1.3\hamcrest-core-1.3.jar;E:\DevelopWork\apache-maven-3.6.3\repository\org\apache\commons\commons-lang3\3.12.0\commons-lang3-3.12.0.jar;"/>
    <property name="java.vm.vendor" value="Oracle Corporation"/>
    <property name="sun.arch.data.model" value="64"/>
    <property name="user.variant" value=""/>
    <property name="java.vendor.url" value="http://java.oracle.com/"/>
    <property name="user.timezone" value="Asia/Shanghai"/>
    <property name="java.vm.specification.version" value="1.8"/>
    <property name="os.name" value="Windows 10"/>
    <property name="user.country" value="CN"/>
    <property name="sun.java.launcher" value="SUN_STANDARD"/>
    <property name="sun.boot.library.path" value="C:\Program Files\Java\jdk1.8.0_281\jre\bin"/>
    <property name="sun.java.command" value="C:\Users\dxqia\AppData\Local\Temp\surefire4386884873712057409\surefirebooter4447054927769446346.jar C:\Users\dxqia\AppData\Local\Temp\surefire4386884873712057409 2021-06-08T13-46-37_755-jvmRun1 surefire3215836320165364914tmp surefire_06310452084211259766tmp"/>
    <property name="surefire.test.class.path" value="E:\DevelopWork\IDEAProjects\SDUDOC_JAVA\sdudoc-common\target\test-classes;E:\DevelopWork\IDEAProjects\SDUDOC_JAVA\sdudoc-common\target\classes;E:\DevelopWork\apache-maven-3.6.3\repository\org\springframework\boot\spring-boot-starter-web\2.4.3\spring-boot-starter-web-2.4.3.jar;E:\DevelopWork\apache-maven-3.6.3\repository\org\springframework\boot\spring-boot-starter\2.4.3\spring-boot-starter-2.4.3.jar;E:\DevelopWork\apache-maven-3.6.3\repository\org\springframework\boot\spring-boot\2.4.3\spring-boot-2.4.3.jar;E:\DevelopWork\apache-maven-3.6.3\repository\org\springframework\boot\spring-boot-autoconfigure\2.4.3\spring-boot-autoconfigure-2.4.3.jar;E:\DevelopWork\apache-maven-3.6.3\repository\org\springframework\boot\spring-boot-starter-logging\2.4.3\spring-boot-starter-logging-2.4.3.jar;E:\DevelopWork\apache-maven-3.6.3\repository\ch\qos\logback\logback-classic\1.2.3\logback-classic-1.2.3.jar;E:\DevelopWork\apache-maven-3.6.3\repository\ch\qos\logback\logback-core\1.2.3\logback-core-1.2.3.jar;E:\DevelopWork\apache-maven-3.6.3\repository\org\apache\logging\log4j\log4j-to-slf4j\2.13.3\log4j-to-slf4j-2.13.3.jar;E:\DevelopWork\apache-maven-3.6.3\repository\org\apache\logging\log4j\log4j-api\2.13.3\log4j-api-2.13.3.jar;E:\DevelopWork\apache-maven-3.6.3\repository\org\slf4j\jul-to-slf4j\1.7.30\jul-to-slf4j-1.7.30.jar;E:\DevelopWork\apache-maven-3.6.3\repository\jakarta\annotation\jakarta.annotation-api\1.3.5\jakarta.annotation-api-1.3.5.jar;E:\DevelopWork\apache-maven-3.6.3\repository\org\springframework\spring-core\5.3.4\spring-core-5.3.4.jar;E:\DevelopWork\apache-maven-3.6.3\repository\org\springframework\spring-jcl\5.3.4\spring-jcl-5.3.4.jar;E:\DevelopWork\apache-maven-3.6.3\repository\org\yaml\snakeyaml\1.27\snakeyaml-1.27.jar;E:\DevelopWork\apache-maven-3.6.3\repository\org\springframework\boot\spring-boot-starter-json\2.4.3\spring-boot-starter-json-2.4.3.jar;E:\DevelopWork\apache-maven-3.6.3\repository\com\fasterxml\jackson\core\jackson-databind\2.12.2\jackson-databind-2.12.2.jar;E:\DevelopWork\apache-maven-3.6.3\repository\com\fasterxml\jackson\core\jackson-annotations\2.12.2\jackson-annotations-2.12.2.jar;E:\DevelopWork\apache-maven-3.6.3\repository\com\fasterxml\jackson\core\jackson-core\2.12.2\jackson-core-2.12.2.jar;E:\DevelopWork\apache-maven-3.6.3\repository\com\fasterxml\jackson\datatype\jackson-datatype-jdk8\2.11.4\jackson-datatype-jdk8-2.11.4.jar;E:\DevelopWork\apache-maven-3.6.3\repository\com\fasterxml\jackson\datatype\jackson-datatype-jsr310\2.11.4\jackson-datatype-jsr310-2.11.4.jar;E:\DevelopWork\apache-maven-3.6.3\repository\com\fasterxml\jackson\module\jackson-module-parameter-names\2.11.4\jackson-module-parameter-names-2.11.4.jar;E:\DevelopWork\apache-maven-3.6.3\repository\org\springframework\boot\spring-boot-starter-tomcat\2.4.3\spring-boot-starter-tomcat-2.4.3.jar;E:\DevelopWork\apache-maven-3.6.3\repository\org\apache\tomcat\embed\tomcat-embed-core\9.0.43\tomcat-embed-core-9.0.43.jar;E:\DevelopWork\apache-maven-3.6.3\repository\org\apache\tomcat\embed\tomcat-embed-websocket\9.0.43\tomcat-embed-websocket-9.0.43.jar;E:\DevelopWork\apache-maven-3.6.3\repository\org\springframework\spring-web\5.3.4\spring-web-5.3.4.jar;E:\DevelopWork\apache-maven-3.6.3\repository\org\springframework\spring-beans\5.3.4\spring-beans-5.3.4.jar;E:\DevelopWork\apache-maven-3.6.3\repository\org\springframework\spring-webmvc\5.3.4\spring-webmvc-5.3.4.jar;E:\DevelopWork\apache-maven-3.6.3\repository\org\springframework\spring-aop\5.3.4\spring-aop-5.3.4.jar;E:\DevelopWork\apache-maven-3.6.3\repository\org\springframework\spring-context\5.3.4\spring-context-5.3.4.jar;E:\DevelopWork\apache-maven-3.6.3\repository\org\springframework\spring-expression\5.3.4\spring-expression-5.3.4.jar;E:\DevelopWork\apache-maven-3.6.3\repository\org\springframework\boot\spring-boot-starter-data-redis\2.4.3\spring-boot-starter-data-redis-2.4.3.jar;E:\DevelopWork\apache-maven-3.6.3\repository\org\springframework\data\spring-data-redis\2.4.5\spring-data-redis-2.4.5.jar;E:\DevelopWork\apache-maven-3.6.3\repository\org\springframework\data\spring-data-keyvalue\2.4.5\spring-data-keyvalue-2.4.5.jar;E:\DevelopWork\apache-maven-3.6.3\repository\org\springframework\data\spring-data-commons\2.4.5\spring-data-commons-2.4.5.jar;E:\DevelopWork\apache-maven-3.6.3\repository\org\springframework\spring-tx\5.3.4\spring-tx-5.3.4.jar;E:\DevelopWork\apache-maven-3.6.3\repository\org\springframework\spring-oxm\5.3.4\spring-oxm-5.3.4.jar;E:\DevelopWork\apache-maven-3.6.3\repository\org\springframework\spring-context-support\5.3.4\spring-context-support-5.3.4.jar;E:\DevelopWork\apache-maven-3.6.3\repository\org\slf4j\slf4j-api\1.7.26\slf4j-api-1.7.26.jar;E:\DevelopWork\apache-maven-3.6.3\repository\io\lettuce\lettuce-core\6.0.2.RELEASE\lettuce-core-6.0.2.RELEASE.jar;E:\DevelopWork\apache-maven-3.6.3\repository\io\netty\netty-common\4.1.56.Final\netty-common-4.1.56.Final.jar;E:\DevelopWork\apache-maven-3.6.3\repository\io\netty\netty-handler\4.1.56.Final\netty-handler-4.1.56.Final.jar;E:\DevelopWork\apache-maven-3.6.3\repository\io\netty\netty-resolver\4.1.56.Final\netty-resolver-4.1.56.Final.jar;E:\DevelopWork\apache-maven-3.6.3\repository\io\netty\netty-buffer\4.1.56.Final\netty-buffer-4.1.56.Final.jar;E:\DevelopWork\apache-maven-3.6.3\repository\io\netty\netty-codec\4.1.56.Final\netty-codec-4.1.56.Final.jar;E:\DevelopWork\apache-maven-3.6.3\repository\io\netty\netty-transport\4.1.56.Final\netty-transport-4.1.56.Final.jar;E:\DevelopWork\apache-maven-3.6.3\repository\io\projectreactor\reactor-core\3.3.13.RELEASE\reactor-core-3.3.13.RELEASE.jar;E:\DevelopWork\apache-maven-3.6.3\repository\org\reactivestreams\reactive-streams\1.0.3\reactive-streams-1.0.3.jar;E:\DevelopWork\apache-maven-3.6.3\repository\org\springframework\boot\spring-boot-starter-validation\2.4.3\spring-boot-starter-validation-2.4.3.jar;E:\DevelopWork\apache-maven-3.6.3\repository\org\glassfish\jakarta.el\3.0.3\jakarta.el-3.0.3.jar;E:\DevelopWork\apache-maven-3.6.3\repository\org\hibernate\validator\hibernate-validator\6.1.7.Final\hibernate-validator-6.1.7.Final.jar;E:\DevelopWork\apache-maven-3.6.3\repository\jakarta\validation\jakarta.validation-api\2.0.2\jakarta.validation-api-2.0.2.jar;E:\DevelopWork\apache-maven-3.6.3\repository\org\jboss\logging\jboss-logging\3.3.2.Final\jboss-logging-3.3.2.Final.jar;E:\DevelopWork\apache-maven-3.6.3\repository\com\fasterxml\classmate\1.3.4\classmate-1.3.4.jar;E:\DevelopWork\apache-maven-3.6.3\repository\com\github\pagehelper\pagehelper\5.1.8\pagehelper-5.1.8.jar;E:\DevelopWork\apache-maven-3.6.3\repository\com\github\jsqlparser\jsqlparser\1.2\jsqlparser-1.2.jar;E:\DevelopWork\apache-maven-3.6.3\repository\commons-codec\commons-codec\1.15\commons-codec-1.15.jar;E:\DevelopWork\apache-maven-3.6.3\repository\com\squareup\okhttp3\okhttp\3.11.0\okhttp-3.11.0.jar;E:\DevelopWork\apache-maven-3.6.3\repository\com\squareup\okio\okio\1.14.0\okio-1.14.0.jar;E:\DevelopWork\apache-maven-3.6.3\repository\junit\junit\4.11\junit-4.11.jar;E:\DevelopWork\apache-maven-3.6.3\repository\org\hamcrest\hamcrest-core\1.3\hamcrest-core-1.3.jar;E:\DevelopWork\apache-maven-3.6.3\repository\org\apache\commons\commons-lang3\3.12.0\commons-lang3-3.12.0.jar;"/>
    <property name="sun.cpu.endian" value="little"/>
    <property name="user.home" value="C:\Users\dxqia"/>
    <property name="user.language" value="zh"/>
    <property name="java.specification.vendor" value="Oracle Corporation"/>
    <property name="java.home" value="C:\Program Files\Java\jdk1.8.0_281\jre"/>
    <property name="basedir" value="E:\DevelopWork\IDEAProjects\SDUDOC_JAVA\sdudoc-common"/>
    <property name="file.separator" value="\"/>
    <property name="line.separator" value="&#10;"/>
    <property name="java.vm.specification.vendor" value="Oracle Corporation"/>
    <property name="java.specification.name" value="Java Platform API Specification"/>
    <property name="java.awt.graphicsenv" value="sun.awt.Win32GraphicsEnvironment"/>
    <property name="surefire.real.class.path" value="C:\Users\dxqia\AppData\Local\Temp\surefire4386884873712057409\surefirebooter4447054927769446346.jar"/>
    <property name="sun.boot.class.path" value="C:\Program Files\Java\jdk1.8.0_281\jre\lib\resources.jar;C:\Program Files\Java\jdk1.8.0_281\jre\lib\rt.jar;C:\Program Files\Java\jdk1.8.0_281\jre\lib\sunrsasign.jar;C:\Program Files\Java\jdk1.8.0_281\jre\lib\jsse.jar;C:\Program Files\Java\jdk1.8.0_281\jre\lib\jce.jar;C:\Program Files\Java\jdk1.8.0_281\jre\lib\charsets.jar;C:\Program Files\Java\jdk1.8.0_281\jre\lib\jfr.jar;C:\Program Files\Java\jdk1.8.0_281\jre\classes"/>
    <property name="user.script" value=""/>
    <property name="sun.management.compiler" value="HotSpot 64-Bit Tiered Compilers"/>
    <property name="java.runtime.version" value="1.8.0_281-b09"/>
    <property name="user.name" value="dxqia"/>
    <property name="path.separator" value=";"/>
    <property name="os.version" value="10.0"/>
    <property name="java.endorsed.dirs" value="C:\Program Files\Java\jdk1.8.0_281\jre\lib\endorsed"/>
    <property name="java.runtime.name" value="Java(TM) SE Runtime Environment"/>
    <property name="file.encoding" value="GBK"/>
    <property name="java.vm.name" value="Java HotSpot(TM) 64-Bit Server VM"/>
    <property name="localRepository" value="E:\DevelopWork\apache-maven-3.6.3\repository"/>
    <property name="java.vendor.url.bug" value="http://bugreport.sun.com/bugreport/"/>
    <property name="java.io.tmpdir" value="C:\Users\dxqia\AppData\Local\Temp\"/>
    <property name="idea.version" value="2021.1.2"/>
    <property name="java.version" value="1.8.0_281"/>
    <property name="user.dir" value="E:\DevelopWork\IDEAProjects\SDUDOC_JAVA\sdudoc-common"/>
    <property name="os.arch" value="amd64"/>
    <property name="java.vm.specification.name" value="Java Virtual Machine Specification"/>
    <property name="java.awt.printerjob" value="sun.awt.windows.WPrinterJob"/>
    <property name="sun.os.patch.level" value=""/>
    <property name="java.library.path" value="C:\Program Files\Java\jdk1.8.0_281\jre\bin;C:\WINDOWS\Sun\Java\bin;C:\WINDOWS\system32;C:\WINDOWS;C:\Program Files (x86)\Common Files\Oracle\Java\javapath;C:\Program Files\Intel\Intel(R) Management Engine Components\iCLS\;C:\Windows\system32;C:\Windows;C:\Windows\System32\Wbem;C:\Windows\System32\WindowsPowerShell\v1.0\;C:\Program Files\Intel\WiFi\bin\;C:\Program Files\Common Files\Intel\WirelessCommon\;C:\Program Files (x86)\NVIDIA Corporation\PhysX\Common;C:\WINDOWS\system32;C:\WINDOWS;C:\WINDOWS\System32\Wbem;C:\WINDOWS\System32\WindowsPowerShell\v1.0\;C:\WINDOWS\System32\OpenSSH\;&quot;;C:\Program Files\Java\jdk1.8.0_281\bin;C:\Program Files\Java\jdk1.8.0_281\jre\bin&quot;;E:\DevelopWork\nodejs\;E:\DevelopWork\Git\cmd;E:\DevelopWork\apache-maven-3.6.3\bin;C:\Program Files (x86)\Intel\Intel(R) Management Engine Components\DAL;C:\Program Files\Intel\Intel(R) Management Engine Components\DAL;C:\Users\dxqia\AppData\Roaming\Python\Python38\Scripts;D:\Program Files\MongoDB\Server\4.4\bin;D:\Program Files\NetSarang\Xshell 7\;D:\Program Files\NetSarang\Xftp 7\;C:\Program Files\MySQL\MySQL Server 8.0\bin;C:\Program Files\MySQL\MySQL Shell 8.0\bin\;D:\Program Files\Python\Python38\Scripts\;D:\Program Files\Python\Python38\;C:\Users\dxqia\AppData\Local\Microsoft\WindowsApps;C:\Program Files\Bandizip\;C:\Users\dxqia\AppData\Roaming\npm;C:\Users\dxqia\AppData\Local\GitHubDesktop\bin;E:\DevelopWork\Microsoft VS Code\bin;."/>
    <property name="java.vm.info" value="mixed mode"/>
    <property name="java.vendor" value="Oracle Corporation"/>
    <property name="java.vm.version" value="25.281-b09"/>
    <property name="java.ext.dirs" value="C:\Program Files\Java\jdk1.8.0_281\jre\lib\ext;C:\WINDOWS\Sun\Java\lib\ext"/>
    <property name="sun.io.unicode.encoding" value="UnicodeLittle"/>
    <property name="java.class.version" value="52.0"/>
  </properties>
  <testcase name="shouldAnswerWithTrue" classname="cn.edu.sdu.AppTest" time="0.001"/>
</testsuite>